<?xml version="1.0" encoding="UTF-8"?>
<robot rpa="false" generated="20190227 18:37:32.565" generator="Robot 3.1.1 (Python 2.7.14 on darwin)">
<suite source="/Users/saranya/git/fid-automation-tests/FieldiD_Functional_Tests" id="s1" name="FieldiD Functional Tests">
<suite source="/Users/saranya/git/fid-automation-tests/FieldiD_Functional_Tests/tests" id="s1-s1" name="Tests">
<suite source="/Users/saranya/git/fid-automation-tests/FieldiD_Functional_Tests/tests/Login" id="s1-s1-s1" name="Login">
<suite source="/Users/saranya/git/fid-automation-tests/FieldiD_Functional_Tests/tests/Login/login.robot" id="s1-s1-s1-s1" name="Login">
<test id="s1-s1-s1-s1-t1" name="Login And Logout Of Field Id">
<kw name="Login To Field Id Page" library="Login">
<arguments>
<arg>${USERNAME}</arg>
<arg>${PASSWORD}</arg>
</arguments>
<kw name="Open Browser To Login Page" library="common">
<kw name="Setup Chrome Browser" library="common">
<kw name="Evaluate" library="BuiltIn">
<doc>Evaluates the given expression in Python and returns the results.</doc>
<arguments>
<arg>sys.modules['selenium.webdriver'].ChromeOptions()</arg>
<arg>sys</arg>
</arguments>
<assign>
<var>${options}</var>
</assign>
<msg timestamp="20190227 18:37:32.733" level="INFO">${options} = &lt;selenium.webdriver.chrome.options.Options object at 0x104ab0e10&gt;</msg>
<status status="PASS" endtime="20190227 18:37:32.733" starttime="20190227 18:37:32.732"></status>
</kw>
<kw name="Call Method" library="BuiltIn">
<doc>Calls the named method of the given object with the provided arguments.</doc>
<arguments>
<arg>${options}</arg>
<arg>add_argument</arg>
<arg>--disable-extensions</arg>
</arguments>
<status status="PASS" endtime="20190227 18:37:32.734" starttime="20190227 18:37:32.733"></status>
</kw>
<kw name="Run Keyword If" library="BuiltIn">
<doc>Runs the given keyword with the given arguments, if ``condition`` is true.</doc>
<arguments>
<arg>"${headless}" == "True"</arg>
<arg>Run Keywords</arg>
<arg>Call Method</arg>
<arg>${options}</arg>
<arg>add_argument</arg>
<arg>--headless</arg>
<arg>AND</arg>
<arg>Call Method</arg>
<arg>${options}</arg>
<arg>add_argument</arg>
<arg>--window-size\=1920,1080</arg>
</arguments>
<status status="PASS" endtime="20190227 18:37:32.735" starttime="20190227 18:37:32.734"></status>
</kw>
<kw name="Create Webdriver" library="Selenium2Library">
<doc>Creates an instance of Selenium WebDriver.</doc>
<arguments>
<arg>Chrome</arg>
<arg>chrome_options=${options}</arg>
</arguments>
<msg timestamp="20190227 18:37:32.735" level="INFO">Creating an instance of the Chrome WebDriver.</msg>
<kw name="Capture Page Screenshot" library="Selenium2Library">
<doc>Takes screenshot of the current page and embeds it into log file.</doc>
<msg timestamp="20190227 18:37:32.759" level="INFO">Cannot capture screenshot because no browser is open.</msg>
<status status="PASS" endtime="20190227 18:37:32.759" starttime="20190227 18:37:32.758"></status>
</kw>
<msg timestamp="20190227 18:37:32.760" level="FAIL">WebDriverException: Message: 'chromedriver' executable needs to be in PATH. Please see https://sites.google.com/a/chromium.org/chromedriver/home
</msg>
<status status="FAIL" endtime="20190227 18:37:32.760" starttime="20190227 18:37:32.735"></status>
</kw>
<status status="FAIL" endtime="20190227 18:37:32.761" starttime="20190227 18:37:32.732"></status>
</kw>
<status status="FAIL" endtime="20190227 18:37:32.761" starttime="20190227 18:37:32.731"></status>
</kw>
<status status="FAIL" endtime="20190227 18:37:32.761" starttime="20190227 18:37:32.731"></status>
</kw>
<status status="FAIL" endtime="20190227 18:37:32.762" critical="yes" starttime="20190227 18:37:32.730">WebDriverException: Message: 'chromedriver' executable needs to be in PATH. Please see https://sites.google.com/a/chromium.org/chromedriver/home
</status>
</test>
<status status="FAIL" endtime="20190227 18:37:32.762" starttime="20190227 18:37:32.611"></status>
</suite>
<status status="FAIL" endtime="20190227 18:37:32.764" starttime="20190227 18:37:32.609"></status>
</suite>
<status status="FAIL" endtime="20190227 18:37:32.765" starttime="20190227 18:37:32.607"></status>
</suite>
<status status="FAIL" endtime="20190227 18:37:32.766" starttime="20190227 18:37:32.585"></status>
</suite>
<statistics>
<total>
<stat fail="1" pass="0">Critical Tests</stat>
<stat fail="1" pass="0">All Tests</stat>
</total>
<tag>
</tag>
<suite>
<stat fail="1" id="s1" name="FieldiD Functional Tests" pass="0">FieldiD Functional Tests</stat>
<stat fail="1" id="s1-s1" name="Tests" pass="0">FieldiD Functional Tests.Tests</stat>
<stat fail="1" id="s1-s1-s1" name="Login" pass="0">FieldiD Functional Tests.Tests.Login</stat>
<stat fail="1" id="s1-s1-s1-s1" name="Login" pass="0">FieldiD Functional Tests.Tests.Login.Login</stat>
</suite>
</statistics>
<errors>
<msg timestamp="20190227 18:37:32.716" level="ERROR">Error in file '/Users/saranya/git/fid-automation-tests/FieldiD_Functional_Tests/resources/Common/common.robot': Importing test library 'PageObjectLibrary' failed: ImportError: No module named six
Traceback (most recent call last):
  File "build/bdist.macosx-10.6-intel/egg/PageObjectLibrary/__init__.py", line 2, in &lt;module&gt;
  File "build/bdist.macosx-10.6-intel/egg/PageObjectLibrary/keywords.py", line 10, in &lt;module&gt;
PYTHONPATH:
  /Library/Frameworks/Python.framework/Versions/2.7/lib/python27.zip
  /Library/Frameworks/Python.framework/Versions/2.7/lib/python2.7
  /Library/Frameworks/Python.framework/Versions/2.7/lib/python2.7/plat-darwin
  /Library/Frameworks/Python.framework/Versions/2.7/lib/python2.7/plat-mac
  /Library/Frameworks/Python.framework/Versions/2.7/lib/python2.7/plat-mac/lib-scriptpackages
  /Library/Frameworks/Python.framework/Versions/2.7/lib/python2.7/lib-tk
  /Library/Frameworks/Python.framework/Versions/2.7/lib/python2.7/lib-old
  /Library/Frameworks/Python.framework/Versions/2.7/lib/python2.7/lib-dynload
  /Users/saranya/Library/Python/2.7/lib/python/site-packages
  /Library/Frameworks/Python.framework/Versions/2.7/lib/python2.7/site-packages
  /Library/Frameworks/Python.framework/Versions/2.7/lib/python2.7/site-packages/robotframework_pageobjectlibrary-1.0.0b1-py2.7.egg</msg>
<msg timestamp="20190227 18:37:32.729" level="ERROR">Error in file '/Users/saranya/git/fid-automation-tests/FieldiD_Functional_Tests/resources/Login/Login.robot': Importing test library 'Login.login_fieldid_page.LoginFieldidPage' failed: ImportError: No module named Login.login_fieldid_page
Traceback (most recent call last):
  None
PYTHONPATH:
  /Library/Frameworks/Python.framework/Versions/2.7/lib/python27.zip
  /Library/Frameworks/Python.framework/Versions/2.7/lib/python2.7
  /Library/Frameworks/Python.framework/Versions/2.7/lib/python2.7/plat-darwin
  /Library/Frameworks/Python.framework/Versions/2.7/lib/python2.7/plat-mac
  /Library/Frameworks/Python.framework/Versions/2.7/lib/python2.7/plat-mac/lib-scriptpackages
  /Library/Frameworks/Python.framework/Versions/2.7/lib/python2.7/lib-tk
  /Library/Frameworks/Python.framework/Versions/2.7/lib/python2.7/lib-old
  /Library/Frameworks/Python.framework/Versions/2.7/lib/python2.7/lib-dynload
  /Users/saranya/Library/Python/2.7/lib/python/site-packages
  /Library/Frameworks/Python.framework/Versions/2.7/lib/python2.7/site-packages
  /Library/Frameworks/Python.framework/Versions/2.7/lib/python2.7/site-packages/robotframework_pageobjectlibrary-1.0.0b1-py2.7.egg</msg>
</errors>
</robot>
